[2025-09-21 13:39:05.666] [info] Using configuration file /home/derrick/.config/waybar/config
[2025-09-21 13:39:05.667] [info] Unable to receive desktop appearance: GDBus.Error:org.freedesktop.DBus.Error.UnknownMethod: No such interface “org.freedesktop.portal.Settings” on object at path /org/freedesktop/portal/desktop
[2025-09-21 13:39:05.667] [info] Using CSS file /home/derrick/.config/waybar/style.css
[2025-09-21 13:39:05.669] [info] Hyprland IPC starting
[2025-09-21 13:39:05.669] [info] Loading persistent workspaces from Waybar config
[2025-09-21 13:39:05.669] [info] Loading persistent workspaces from Hyprland workspace rules
[2025-09-21 13:39:05.669] [warning] 'swap-icon-label' must be a bool.
[2025-09-21 13:39:05.676] [warning] module backlight: Disabling module "backlight", No backlight found
[2025-09-21 13:39:05.676] [warning] No batteries.
[2025-09-21 13:39:05.688] [warning] Requested height: 42 is less than the minimum height: 44 required by the modules
[2025-09-21 13:39:05.688] [info] Bar configured (width: 3420, height: 44) for output: HDMI-A-1

** (waybar:634743): WARNING **: 13:39:05.691: Status Notifier Item with bus name ':1.9' and object path '/org/ayatana/NotificationItem/nm_applet' is already registered

** (waybar:634743): WARNING **: 13:39:06.796: Status Notifier Item with bus name ':1.9' and object path '/org/ayatana/NotificationItem/nm_applet' is already registered
[2025-09-21 13:39:56.678] [info] Using configuration file /home/derrick/.config/waybar/config
[2025-09-21 13:39:56.679] [info] Unable to receive desktop appearance: GDBus.Error:org.freedesktop.DBus.Error.UnknownMethod: No such interface “org.freedesktop.portal.Settings” on object at path /org/freedesktop/portal/desktop
[2025-09-21 13:39:56.679] [info] Using CSS file /home/derrick/.config/waybar/style.css
[2025-09-21 13:39:56.681] [info] Hyprland IPC starting
[2025-09-21 13:39:56.682] [info] Loading persistent workspaces from Waybar config
[2025-09-21 13:39:56.682] [info] Loading persistent workspaces from Hyprland workspace rules
[2025-09-21 13:39:56.682] [warning] 'swap-icon-label' must be a bool.
[2025-09-21 13:39:56.688] [warning] module backlight: Disabling module "backlight", No backlight found
[2025-09-21 13:39:56.688] [warning] No batteries.
[2025-09-21 13:39:56.700] [warning] Requested height: 42 is less than the minimum height: 44 required by the modules
[2025-09-21 13:39:56.700] [info] Bar configured (width: 3420, height: 44) for output: HDMI-A-1

** (waybar:636540): WARNING **: 13:39:56.703: Status Notifier Item with bus name ':1.9' and object path '/org/ayatana/NotificationItem/nm_applet' is already registered

** (waybar:636540): WARNING **: 13:39:57.799: Status Notifier Item with bus name ':1.9' and object path '/org/ayatana/NotificationItem/nm_applet' is already registered

(keybind-reference.py:639797): Adwaita-WARNING **: 13:41:23.332: Using GtkSettings:gtk-application-prefer-dark-theme with libadwaita is unsupported. Please use AdwStyleManager:color-scheme instead.
