[2025-09-20 20:21:04.576] [info] Using configuration file /home/derrick/.config/waybar/config
[2025-09-20 20:21:04.577] [info] Unable to receive desktop appearance: GDBus.Error:org.freedesktop.DBus.Error.UnknownMethod: No such interface “org.freedesktop.portal.Settings” on object at path /org/freedesktop/portal/desktop
[2025-09-20 20:21:04.577] [info] Using CSS file /home/derrick/.config/waybar/style.css
[2025-09-20 20:21:04.580] [info] Hyprland IPC starting
[2025-09-20 20:21:04.580] [info] Loading persistent workspaces from Waybar config
[2025-09-20 20:21:04.580] [info] Loading persistent workspaces from Hyprland workspace rules
[2025-09-20 20:21:04.580] [warning] 'swap-icon-label' must be a bool.
[2025-09-20 20:21:04.586] [warning] module backlight: Disabling module "backlight", No backlight found
[2025-09-20 20:21:04.587] [warning] No batteries.
[2025-09-20 20:21:04.603] [warning] Requested height: 42 is less than the minimum height: 44 required by the modules
[2025-09-20 20:21:04.603] [info] Bar configured (width: 3420, height: 44) for output: HDMI-A-1

** (waybar:241994): WARNING **: 20:21:04.607: Status Notifier Item with bus name ':1.9' and object path '/org/ayatana/NotificationItem/nm_applet' is already registered
[2025-09-20 20:21:04.616] [error] custom/wallpaper: Error parsing JSON: * Line 1, Column 2
  Missing '}' or object member name


** (waybar:241994): WARNING **: 20:21:06.328: Status Notifier Item with bus name ':1.9' and object path '/org/ayatana/NotificationItem/nm_applet' is already registered
[2025-09-20 20:21:34.626] [error] custom/wallpaper: Error parsing JSON: * Line 1, Column 2
  Missing '}' or object member name

[2025-09-20 20:22:04.644] [error] custom/wallpaper: Error parsing JSON: * Line 1, Column 2
  Missing '}' or object member name

[2025-09-20 20:22:34.662] [error] custom/wallpaper: Error parsing JSON: * Line 1, Column 2
  Missing '}' or object member name

[2025-09-20 20:23:04.679] [error] custom/wallpaper: Error parsing JSON: * Line 1, Column 2
  Missing '}' or object member name

[2025-09-20 20:23:34.698] [error] custom/wallpaper: Error parsing JSON: * Line 1, Column 2
  Missing '}' or object member name

[2025-09-20 20:24:04.716] [error] custom/wallpaper: Error parsing JSON: * Line 1, Column 2
  Missing '}' or object member name

[2025-09-20 20:24:34.734] [error] custom/wallpaper: Error parsing JSON: * Line 1, Column 2
  Missing '}' or object member name

[2025-09-20 20:25:04.750] [error] custom/wallpaper: Error parsing JSON: * Line 1, Column 2
  Missing '}' or object member name

[2025-09-20 20:25:34.768] [error] custom/wallpaper: Error parsing JSON: * Line 1, Column 2
  Missing '}' or object member name

[2025-09-20 20:26:04.787] [error] custom/wallpaper: Error parsing JSON: * Line 1, Column 2
  Missing '}' or object member name

[2025-09-20 20:26:32.439] [info] Using configuration file /home/derrick/.config/waybar/config
[2025-09-20 20:26:32.440] [info] Unable to receive desktop appearance: GDBus.Error:org.freedesktop.DBus.Error.UnknownMethod: No such interface “org.freedesktop.portal.Settings” on object at path /org/freedesktop/portal/desktop
[2025-09-20 20:26:32.440] [info] Using CSS file /home/derrick/.config/waybar/style.css
[2025-09-20 20:26:32.443] [info] Hyprland IPC starting
[2025-09-20 20:26:32.443] [info] Loading persistent workspaces from Waybar config
[2025-09-20 20:26:32.443] [info] Loading persistent workspaces from Hyprland workspace rules
[2025-09-20 20:26:32.444] [warning] 'swap-icon-label' must be a bool.
[2025-09-20 20:26:32.450] [warning] module backlight: Disabling module "backlight", No backlight found
[2025-09-20 20:26:32.450] [warning] No batteries.
[2025-09-20 20:26:32.464] [warning] Requested height: 42 is less than the minimum height: 44 required by the modules
[2025-09-20 20:26:32.464] [info] Bar configured (width: 3420, height: 44) for output: HDMI-A-1

** (waybar:260861): WARNING **: 20:26:32.468: Status Notifier Item with bus name ':1.9' and object path '/org/ayatana/NotificationItem/nm_applet' is already registered
[2025-09-20 20:26:32.478] [error] custom/wallpaper: Error parsing JSON: * Line 1, Column 2
  Missing '}' or object member name


** (waybar:260861): WARNING **: 20:26:33.328: Status Notifier Item with bus name ':1.9' and object path '/org/ayatana/NotificationItem/nm_applet' is already registered
[2025-09-20 20:27:02.489] [error] custom/wallpaper: Error parsing JSON: * Line 1, Column 2
  Missing '}' or object member name

[2025-09-20 20:27:10.210] [info] Hyprland config reloaded, reinitializing hyprland/workspaces module...
[2025-09-20 20:27:10.227] [info] Loading persistent workspaces from Waybar config
[2025-09-20 20:27:10.227] [info] Loading persistent workspaces from Hyprland workspace rules
[2025-09-20 20:27:32.507] [error] custom/wallpaper: Error parsing JSON: * Line 1, Column 2
  Missing '}' or object member name

[2025-09-20 20:28:02.525] [error] custom/wallpaper: Error parsing JSON: * Line 1, Column 2
  Missing '}' or object member name

[2025-09-20 20:28:26.793] [info] Hyprland config reloaded, reinitializing hyprland/workspaces module...
[2025-09-20 20:28:26.805] [info] Loading persistent workspaces from Waybar config
[2025-09-20 20:28:26.805] [info] Loading persistent workspaces from Hyprland workspace rules
[2025-09-20 20:28:32.543] [error] custom/wallpaper: Error parsing JSON: * Line 1, Column 2
  Missing '}' or object member name

[2025-09-20 20:28:58.734] [info] Hyprland config reloaded, reinitializing hyprland/workspaces module...
[2025-09-20 20:28:58.745] [info] Loading persistent workspaces from Waybar config
[2025-09-20 20:28:58.745] [info] Loading persistent workspaces from Hyprland workspace rules
[2025-09-20 20:29:02.561] [error] custom/wallpaper: Error parsing JSON: * Line 1, Column 2
  Missing '}' or object member name

